<?xml version="1.0" encoding="UTF-8"?>
<!-- Generated by org.testng.reporters.JUnitReportReporter -->
<testsuite skipped="0" hostname="MUMD1652" name="Academy.HomePage" tests="1" failures="0" timestamp="14 Jun 2019 09:48:13 GMT" time="8.547" errors="0">
  <testcase name="loadPage" time="8.547" classname="Academy.HomePage"/>
</testsuite> <!-- Academy.HomePage -->
